  FlappyBird.cpp
  Bird.cpp
  stb_image.cpp
  GameObject.cpp
  Window.cpp
  ResourceManager.cpp
  Shader.cpp
  SpriteRenderer.cpp
  TextRenderer.cpp
  Texture.cpp
  VertexArray.cpp
  VertexBuffer.cpp
  main.cpp
  Generating code
  1235 of 1235 functions (100.0%) were compiled.
    10 functions were new in current compilation
    0 functions had inline decision re-evaluated but remain unchanged
  Finished generating code
glew32s.lib(glew.obj) : warning LNK4099: PDB 'vc120.pdb' was not found with 'glew32s.lib(glew.obj)' or at 'H:\_Programming\C++_Projects\Big Projects\Flappy Bird\Flappy Bird\Release\vc120.pdb'; linking object as if no debug info
  OpenGL Template.vcxproj -> H:\_Programming\C++_Projects\Big Projects\Flappy Bird\Flappy Bird\Release\Flappy Bird.exe
